<?xml version="1.0" encoding="UTF-8"?>
<testsuite xmlns:xsi="http://www.w3.org/2001/XMLSchema-instance" xsi:noNamespaceSchemaLocation="https://maven.apache.org/surefire/maven-surefire-plugin/xsd/surefire-test-report.xsd" version="3.0.2" name="com.quiz.backend.QuizBackendApplicationTests" time="4.326" tests="1" errors="0" skipped="0" failures="0">
  <properties>
[...]
</properties>
  <testcase name="contextLoads" classname="com.quiz.backend.QuizBackendApplicationTests" time="0.762">
    <system-out><![CDATA[13:42:22.181 [main] INFO org.springframework.test.context.support.AnnotationConfigContextLoaderUtils -- Could not detect default configuration classes for test class [com.quiz.backend.QuizBackendApplicationTests]: QuizBackendApplicationTests does not declare any static, non-private, non-final, nested classes annotated with @Configuration.
13:42:22.289 [main] INFO org.springframework.boot.test.context.SpringBootTestContextBootstrapper -- Found @SpringBootConfiguration com.quiz.backend.QuizBackendApplication for test class com.quiz.backend.QuizBackendApplicationTests
13:42:22.441 [main] INFO org.springframework.boot.devtools.restart.RestartApplicationListener -- Restart disabled due to context in which it is running

  .   ____          _            __ _ _
 /\\ / ___'_ __ _ _(_)_ __  __ _ \ \ \ \
( ( )\___ | '_ | '_| | '_ \/ _` | \ \ \ \
 \\/  ___)| |_)| | | | | || (_| |  ) ) ) )
  '  |____| .__|_| |_|_| |_\__, | / / / /
 =========|_|==============|___/=/_/_/_/

 :: Spring Boot ::                (v3.4.1)

2025-01-25T13:42:22.765+01:00  INFO 342012 --- [quiz-backend] [           main] c.q.backend.QuizBackendApplicationTests  : Starting QuizBackendApplicationTests using Java 21.0.5 with PID 342012 (started by wouter in /home/wouter/Projects/Quad-Solutions-quiz/quiz-backend)
2025-01-25T13:42:22.767+01:00  INFO 342012 --- [quiz-backend] [           main] c.q.backend.QuizBackendApplicationTests  : No active profile set, falling back to 1 default profile: "default"
2025-01-25T13:42:25.394+01:00  INFO 342012 --- [quiz-backend] [           main] o.s.b.a.e.web.EndpointLinksResolver      : Exposing 1 endpoint beneath base path '/actuator'
2025-01-25T13:42:25.466+01:00  INFO 342012 --- [quiz-backend] [           main] c.q.backend.QuizBackendApplicationTests  : Started QuizBackendApplicationTests in 3.038 seconds (process running for 3.983)
]]></system-out>
    <system-err><![CDATA[Mockito is currently self-attaching to enable the inline-mock-maker. This will no longer work in future releases of the JDK. Please add Mockito as an agent to your build what is described in Mockito's documentation: https://javadoc.io/doc/org.mockito/mockito-core/latest/org/mockito/Mockito.html#0.3
WARNING: A Java agent has been loaded dynamically (/home/wouter/.m2/repository/net/bytebuddy/byte-buddy-agent/1.15.11/byte-buddy-agent-1.15.11.jar)
WARNING: If a serviceability tool is in use, please run with -XX:+EnableDynamicAgentLoading to hide this warning
WARNING: If a serviceability tool is not in use, please run with -Djdk.instrument.traceUsage for more information
WARNING: Dynamic loading of agents will be disallowed by default in a future release
]]></system-err>
  </testcase>
</testsuite>